[2025-10-15 14:38:22] ACTIVITY: System - User logged in: client@outlook.com (ID: 7)
[2025-10-15 14:38:51] ACTIVITY: System - User logged in: admin@vet.com (ID: 1)
[2025-10-15 14:39:08] ACTIVITY: System - User logged in: sb@vetelinary.com (ID: 6)
[2025-10-15 15:02:03] ACTIVITY: System - User logged in: smanguluti@vims.com (ID: 8)
[2025-10-15 15:23:56] ACTIVITY: System - User logged out: sb@vetelinary.com (ID: 6)
[2025-10-15 15:24:06] ACTIVITY: System - User logged in: admin@vet.com (ID: 1)
[2025-10-15 15:35:55] ACTIVITY: System - User logged out: admin@vet.com (ID: 1)
[2025-10-15 15:36:02] ACTIVITY: System - User logged in: sb@vetelinary.com (ID: 6)
[2025-10-15 15:45:12] ACTIVITY: System - User logged out: smanguluti@vims.com (ID: 8)
[2025-10-15 15:45:46] ACTIVITY: System - User logged in: smanguluti@vims.com (ID: 8)
[2025-10-15 15:45:56] ACTIVITY: System - User logged out: smanguluti@vims.com (ID: 8)
[2025-10-15 15:46:34] ACTIVITY: System - User logged out: sb@vetelinary.com (ID: 6)
[2025-10-15 15:46:51] ACTIVITY: System - User logged in: sb@vetelinary.com (ID: 6)
[2025-10-15 15:47:11] ACTIVITY: System - User logged in: sb@vetelinary.com (ID: 6)
[2025-10-15 15:47:33] ACTIVITY: System - User logged out: sb@vetelinary.com (ID: 6)
[2025-10-15 15:49:58] ACTIVITY: System - User logged in: sb@vetelinary.com (ID: 6)
[2025-10-15 15:50:04] ACTIVITY: System - User logged out: sb@vetelinary.com (ID: 6)
[2025-10-15 15:50:08] ACTIVITY: System - User logged in: sb@vetelinary.com (ID: 6)
[2025-10-15 15:50:30] ACTIVITY: System - User logged out: sb@vetelinary.com (ID: 6)
[2025-10-15 15:50:35] ACTIVITY: System - User logged in: admin@vet.com (ID: 1)
[2025-10-15 16:32:55] ACTIVITY: System - User logged out: admin@vet.com (ID: 1)
[2025-10-15 16:33:02] ACTIVITY: System - User logged in: sb@vetelinary.com (ID: 6)
[2025-10-15 16:33:40] ACTIVITY: System - User logged out: sb@vetelinary.com (ID: 6)
[2025-10-15 16:33:55] ACTIVITY: System - User logged in: client@outlook.com (ID: 7)
[2025-10-15 17:00:20] ACTIVITY: System - User logged out: client@outlook.com (ID: 7)
[2025-10-15 17:00:26] ACTIVITY: System - User logged in: sb@vetelinary.com (ID: 6)
[2025-10-15 17:01:30] ACTIVITY: System - User logged out: sb@vetelinary.com (ID: 6)
[2025-10-15 17:01:36] ACTIVITY: System - User logged in: admin@vet.com (ID: 1)
[2025-10-15 17:07:58] ACTIVITY: System - User logged out: admin@vet.com (ID: 1)
[2025-10-15 17:08:27] ACTIVITY: System - User logged in: admin@vet.com (ID: 1)
[2025-10-15 17:10:40] ACTIVITY: System - User logged out: admin@vet.com (ID: 1)
[2025-10-15 17:11:07] ACTIVITY: System - User logged in: sb@vetelinary.com (ID: 6)
[2025-10-15 17:11:35] ACTIVITY: System - User logged out: sb@vetelinary.com (ID: 6)
[2025-10-15 17:12:32] ACTIVITY: System - User logged in: admin@vet.com (ID: 1)
[2025-10-15 17:14:47] ACTIVITY: System - User logged out: admin@vet.com (ID: 1)
[2025-10-15 17:15:26] ACTIVITY: System - User logged in: client@outlook.com (ID: 7)
